<?xml version="1.0" encoding="UTF-8"?>
<!-- Generated by org.testng.reporters.JUnitReportReporter -->
<testsuite hostname="nibin-laptop" name="integration.beowulf.scs.categorizers.impl.DirectoryCategorizerTest" tests="1" failures="0" timestamp="14 Oct 2012 19:29:01 GMT" time="0.328" errors="0">
  <testcase name="testGetTokens" time="0.328" classname="integration.beowulf.scs.categorizers.impl.DirectoryCategorizerTest"/>
</testsuite>
