<?xml version="1.0" encoding="UTF-8"?>
<!-- Generated by org.testng.reporters.JUnitReportReporter -->
<testsuite hostname="nibin-laptop" name="integration.beowulf.scs.categorizers.dao.DirectoryCategorizerDAOTest" tests="3" failures="0" timestamp="14 Oct 2012 19:29:01 GMT" time="0.187" errors="0">
  <testcase name="testDirectoryCategorizerDocumentWithIgnoredFields" time="0.003" classname="integration.beowulf.scs.categorizers.dao.DirectoryCategorizerDAOTest"/>
  <testcase name="testDirectoryCategorizerDocumentOperations" time="0.074" classname="integration.beowulf.scs.categorizers.dao.DirectoryCategorizerDAOTest"/>
  <testcase name="testDirectoryCategorizerDocumentWithIgnoredFieldsAndAddItems" time="0.110" classname="integration.beowulf.scs.categorizers.dao.DirectoryCategorizerDAOTest"/>
</testsuite>
