<?xml version="1.0" encoding="UTF-8"?>
<!-- Generated by org.testng.reporters.JUnitReportReporter -->
<testsuite hostname="nibin-laptop" name="integration.beowulf.scs.categorizers.MetaCategorizerTest" tests="2" failures="0" timestamp="14 Oct 2012 19:29:01 GMT" time="0.110" errors="0">
  <testcase name="testInitCategorizers" time="0.080" classname="integration.beowulf.scs.categorizers.MetaCategorizerTest"/>
  <testcase name="testInitTransactionCategorizers" time="0.030" classname="integration.beowulf.scs.categorizers.MetaCategorizerTest"/>
</testsuite>
